<?xml version="1.0" encoding="UTF-8"?>
<testsuite name="apap.ti._5.accommodation_2306275651_be.restservice.RoomRestServiceTest" tests="37" skipped="0" failures="0" errors="0" timestamp="2025-11-07T18:20:21.434Z" hostname="Athallahs-Laptop.local" time="0.233">
  <properties/>
  <testcase name="testAutoUpdateRoomMaintenanceStatus_NoUpdate_OngoingMaintenance()" classname="apap.ti._5.accommodation_2306275651_be.restservice.RoomRestServiceTest" time="0.152"/>
  <testcase name="testCreateRoom_Success()" classname="apap.ti._5.accommodation_2306275651_be.restservice.RoomRestServiceTest" time="0.005"/>
  <testcase name="testHasBookingConflict_NoConflict()" classname="apap.ti._5.accommodation_2306275651_be.restservice.RoomRestServiceTest" time="0.003"/>
  <testcase name="testGetRoomEntityById_NotFound()" classname="apap.ti._5.accommodation_2306275651_be.restservice.RoomRestServiceTest" time="0.004"/>
  <testcase name="testAutoUpdateRoomMaintenanceStatus_ClearsMaintenance()" classname="apap.ti._5.accommodation_2306275651_be.restservice.RoomRestServiceTest" time="0.003"/>
  <testcase name="testGetRoomsByPropertyAndFloor_PropertyNotFound()" classname="apap.ti._5.accommodation_2306275651_be.restservice.RoomRestServiceTest" time="0.001"/>
  <testcase name="testGetAvailableRooms_Found()" classname="apap.ti._5.accommodation_2306275651_be.restservice.RoomRestServiceTest" time="0.001"/>
  <testcase name="testAutoUpdateRoomMaintenanceStatus_NoMaintenance()" classname="apap.ti._5.accommodation_2306275651_be.restservice.RoomRestServiceTest" time="0.001"/>
  <testcase name="testAvailabilityStatusName_Unavailable()" classname="apap.ti._5.accommodation_2306275651_be.restservice.RoomRestServiceTest" time="0.001"/>
  <testcase name="testDeleteRoom_Success()" classname="apap.ti._5.accommodation_2306275651_be.restservice.RoomRestServiceTest" time="0.001"/>
  <testcase name="testGetAllRooms_EmptyList()" classname="apap.ti._5.accommodation_2306275651_be.restservice.RoomRestServiceTest" time="0.002"/>
  <testcase name="testRoomNameExtraction_WithHyphen()" classname="apap.ti._5.accommodation_2306275651_be.restservice.RoomRestServiceTest" time="0.002"/>
  <testcase name="testActiveRoomName_Active()" classname="apap.ti._5.accommodation_2306275651_be.restservice.RoomRestServiceTest" time="0.001"/>
  <testcase name="testUpdateRoom_Success()" classname="apap.ti._5.accommodation_2306275651_be.restservice.RoomRestServiceTest" time="0.002"/>
  <testcase name="testGetRoomsByPropertyAndFloor_DifferentFloor_EmptyList()" classname="apap.ti._5.accommodation_2306275651_be.restservice.RoomRestServiceTest" time="0.001"/>
  <testcase name="testHasBookingConflict_InvalidDateFormat_ReturnsFalse()" classname="apap.ti._5.accommodation_2306275651_be.restservice.RoomRestServiceTest" time="0.001"/>
  <testcase name="testAvailabilityStatusName_Available()" classname="apap.ti._5.accommodation_2306275651_be.restservice.RoomRestServiceTest" time="0.0"/>
  <testcase name="testGetRoomEntityById_Found()" classname="apap.ti._5.accommodation_2306275651_be.restservice.RoomRestServiceTest" time="0.001"/>
  <testcase name="testDeleteRoom_NotFound()" classname="apap.ti._5.accommodation_2306275651_be.restservice.RoomRestServiceTest" time="0.001"/>
  <testcase name="testHasBookingConflict_WithConflict()" classname="apap.ti._5.accommodation_2306275651_be.restservice.RoomRestServiceTest" time="0.002"/>
  <testcase name="testGetRoomsByRoomType_NotFound()" classname="apap.ti._5.accommodation_2306275651_be.restservice.RoomRestServiceTest" time="0.001"/>
  <testcase name="testUpdateRoom_NotFound()" classname="apap.ti._5.accommodation_2306275651_be.restservice.RoomRestServiceTest" time="0.001"/>
  <testcase name="testGetRoomById_Found()" classname="apap.ti._5.accommodation_2306275651_be.restservice.RoomRestServiceTest" time="0.001"/>
  <testcase name="testGetRoomsByPropertyAndFloor_Found()" classname="apap.ti._5.accommodation_2306275651_be.restservice.RoomRestServiceTest" time="0.001"/>
  <testcase name="testUpdateRoom_WithMaintenance_SetsUnavailable()" classname="apap.ti._5.accommodation_2306275651_be.restservice.RoomRestServiceTest" time="0.002"/>
  <testcase name="testCreateRoom_RoomTypeNotFound()" classname="apap.ti._5.accommodation_2306275651_be.restservice.RoomRestServiceTest" time="0.002"/>
  <testcase name="testGetRoomById_NotFound()" classname="apap.ti._5.accommodation_2306275651_be.restservice.RoomRestServiceTest" time="0.003"/>
  <testcase name="testAutoUpdateRoomMaintenanceStatus_MultipleRooms()" classname="apap.ti._5.accommodation_2306275651_be.restservice.RoomRestServiceTest" time="0.002"/>
  <testcase name="testGetAvailableRooms_EmptyList()" classname="apap.ti._5.accommodation_2306275651_be.restservice.RoomRestServiceTest" time="0.001"/>
  <testcase name="testGetAllRooms_Success()" classname="apap.ti._5.accommodation_2306275651_be.restservice.RoomRestServiceTest" time="0.001"/>
  <testcase name="testUpdateRoom_PartialUpdate()" classname="apap.ti._5.accommodation_2306275651_be.restservice.RoomRestServiceTest" time="0.002"/>
  <testcase name="testActiveRoomName_Inactive()" classname="apap.ti._5.accommodation_2306275651_be.restservice.RoomRestServiceTest" time="0.002"/>
  <testcase name="testGetRoomById_ExtractsRoomNameCorrectly()" classname="apap.ti._5.accommodation_2306275651_be.restservice.RoomRestServiceTest" time="0.002"/>
  <testcase name="testUpdateRoom_ReplacesExistingMaintenance()" classname="apap.ti._5.accommodation_2306275651_be.restservice.RoomRestServiceTest" time="0.002"/>
  <testcase name="testRoomNameExtraction_WithoutHyphen()" classname="apap.ti._5.accommodation_2306275651_be.restservice.RoomRestServiceTest" time="0.001"/>
  <testcase name="testCreateRoom_GeneratesSequentialRoomID()" classname="apap.ti._5.accommodation_2306275651_be.restservice.RoomRestServiceTest" time="0.002"/>
  <testcase name="testGetRoomsByRoomType_Found()" classname="apap.ti._5.accommodation_2306275651_be.restservice.RoomRestServiceTest" time="0.005"/>
  <system-out><![CDATA[]]>&#x1f527;<![CDATA[ Auto-updating room maintenance status...
   Current Time: 2025-11-08T01:20:21.585125
✅ Auto-update complete: 0 rooms updated
]]>&#x1f511;<![CDATA[ Generating Room ID:
   Property ID: HOT-4000-001
   Floor: 2
   Room Type ID: RT-HOT-4000-001-001
   ]]>&#x1f50d;<![CDATA[ Existing Rooms on Floor 2:
   Total Existing Rooms: 0
   New Unit Number: 1
   ✅ Generated Room ID: HOT-4000-001-201

]]>&#x1f3e0;<![CDATA[ Creating Room:
   Room ID: HOT-4000-001-201
   Room Type ID: RT-HOT-4000-001-001
   Room Type Name: Single Room
   ✅ Room Saved to DB: HOT-4000-001-201
]]>&#x1f3e0;<![CDATA[ Converting room to DTO:
   Full Room ID: HOT-4000-001-201
   Extracted Room Name: 201
]]>&#x1f50d;<![CDATA[ Checking booking conflicts:
   Room ID: HOT-4000-001-201
   Maintenance Start: 2025-12-01T00:00
   Maintenance End: 2025-12-05T23:59:59
   ✅ No booking conflicts found
]]>&#x1f527;<![CDATA[ Auto-updating room maintenance status...
   Current Time: 2025-11-08T01:20:21.605015
✅ Room HOT-4000-001-201: Maintenance ended
   Maintenance End: 2025-11-07T01:20:21.604211
   Current Time: 2025-11-08T01:20:21.605015
   Status: Unavailable → Available
   Maintenance cleared
✅ Auto-update complete: 1 rooms updated
]]>&#x1f3e0;<![CDATA[ Converting room to DTO:
   Full Room ID: HOT-4000-001-201
   Extracted Room Name: 201
]]>&#x1f527;<![CDATA[ Auto-updating room maintenance status...
   Current Time: 2025-11-08T01:20:21.611449
✅ Auto-update complete: 0 rooms updated
]]>&#x1f3e0;<![CDATA[ Converting room to DTO:
   Full Room ID: HOT-4000-001-201
   Extracted Room Name: 201
]]>&#x1f3e0;<![CDATA[ Converting room to DTO:
   Full Room ID: HOT-4000-001-204
   Extracted Room Name: 204
]]>&#x1f3e0;<![CDATA[ Converting room to DTO:
   Full Room ID: HOT-4000-001-201
   Extracted Room Name: 201
]]>&#x1f3e0;<![CDATA[ Converting room to DTO:
   Full Room ID: HOT-4000-001-201
   Extracted Room Name: 201
]]>&#x1f3e0;<![CDATA[ Converting room to DTO:
   Full Room ID: HOT-4000-001-201
   Extracted Room Name: 201
]]>&#x1f50d;<![CDATA[ Checking booking conflicts:
   Room ID: HOT-4000-001-201
   Maintenance Start: 2025-12-01T00:00
   Maintenance End: 2025-12-05T23:59:59
   ❌ Found 1 conflicting booking(s):
      - Booking ID: BOOK-001-201-2025-11-06-20:37:12 (Check-in: 2025-12-02T14:00, Check-out: 2025-12-04T12:00)
]]>&#x1f3e0;<![CDATA[ Converting room to DTO:
   Full Room ID: HOT-4000-001-201
   Extracted Room Name: 201
]]>&#x1f3e0;<![CDATA[ Converting room to DTO:
   Full Room ID: HOT-4000-001-201
   Extracted Room Name: 201
]]>&#x1f3e0;<![CDATA[ Converting room to DTO:
   Full Room ID: HOT-4000-001-201
   Extracted Room Name: 201
]]>&#x1f527;<![CDATA[ Auto-updating room maintenance status...
   Current Time: 2025-11-08T01:20:21.647230
✅ Room HOT-4000-001-201: Maintenance ended
   Maintenance End: 2025-11-07T01:20:21.646865
   Current Time: 2025-11-08T01:20:21.647230
   Status: Unavailable → Available
   Maintenance cleared
✅ Auto-update complete: 1 rooms updated
]]>&#x1f3e0;<![CDATA[ Converting room to DTO:
   Full Room ID: HOT-4000-001-201
   Extracted Room Name: 201
]]>&#x1f3e0;<![CDATA[ Converting room to DTO:
   Full Room ID: HOT-4000-001-201
   Extracted Room Name: 201
]]>&#x1f3e0;<![CDATA[ Converting room to DTO:
   Full Room ID: HOT-4000-001-201
   Extracted Room Name: 201
]]>&#x1f3e0;<![CDATA[ Converting room to DTO:
   Full Room ID: HOT-4000-001-201
   Extracted Room Name: 201
⚠️ Replacing existing maintenance schedule:
   Old: 2025-11-01T00:00 - 2025-11-05T23:59
   New: 2025-12-01T00:00 - 2025-12-05T23:59
]]>&#x1f3e0;<![CDATA[ Converting room to DTO:
   Full Room ID: HOT-4000-001-201
   Extracted Room Name: 201
]]>&#x1f3e0;<![CDATA[ Converting room to DTO:
   Full Room ID: ROOM101
   Extracted Room Name: ROOM101
]]>&#x1f511;<![CDATA[ Generating Room ID:
   Property ID: HOT-4000-001
   Floor: 2
   Room Type ID: RT-HOT-4000-001-001
   ]]>&#x1f50d;<![CDATA[ Existing Rooms on Floor 2:
      - HOT-4000-001-201 (Single Room)
      - HOT-4000-001-202 (Single Room)
   Total Existing Rooms: 2
   New Unit Number: 3
   ✅ Generated Room ID: HOT-4000-001-203

]]>&#x1f3e0;<![CDATA[ Creating Room:
   Room ID: HOT-4000-001-203
   Room Type ID: RT-HOT-4000-001-001
   Room Type Name: Single Room
   ✅ Room Saved to DB: HOT-4000-001-203
]]>&#x1f3e0;<![CDATA[ Converting room to DTO:
   Full Room ID: HOT-4000-001-203
   Extracted Room Name: 203
]]>&#x1f3e0;<![CDATA[ Converting room to DTO:
   Full Room ID: HOT-4000-001-201
   Extracted Room Name: 201
]]></system-out>
  <system-err><![CDATA[   ⚠️ Error checking booking conflict: Text 'invalid-date' could not be parsed at index 0
]]></system-err>
</testsuite>
