<?xml version="1.0" encoding="UTF-8"?>
<testsuite name="apap.ti._5.accommodation_2306275651_be.restservice.RoomTypeServiceTest" tests="25" skipped="0" failures="0" errors="0" timestamp="2025-11-07T03:49:49.303Z" hostname="Athallahs-Laptop.local" time="0.034">
  <properties/>
  <testcase name="testRoomTypeIDGeneration_CorrectFormat()" classname="apap.ti._5.accommodation_2306275651_be.restservice.RoomTypeServiceTest" time="0.002"/>
  <testcase name="testCreateRoomType_FirstRoomType()" classname="apap.ti._5.accommodation_2306275651_be.restservice.RoomTypeServiceTest" time="0.001"/>
  <testcase name="testIsDuplicateRoomTypeFloor_NoDuplicate()" classname="apap.ti._5.accommodation_2306275651_be.restservice.RoomTypeServiceTest" time="0.001"/>
  <testcase name="testGetRoomTypeById_Found()" classname="apap.ti._5.accommodation_2306275651_be.restservice.RoomTypeServiceTest" time="0.001"/>
  <testcase name="testGetAllRoomTypes_EmptyList()" classname="apap.ti._5.accommodation_2306275651_be.restservice.RoomTypeServiceTest" time="0.001"/>
  <testcase name="testRoomTypeIDGeneration_VillaProperty()" classname="apap.ti._5.accommodation_2306275651_be.restservice.RoomTypeServiceTest" time="0.001"/>
  <testcase name="testGetRoomTypesByProperty_NotFound()" classname="apap.ti._5.accommodation_2306275651_be.restservice.RoomTypeServiceTest" time="0.001"/>
  <testcase name="testGetRoomTypesByProperty_MultipleRoomTypes()" classname="apap.ti._5.accommodation_2306275651_be.restservice.RoomTypeServiceTest" time="0.001"/>
  <testcase name="testGetRoomTypesByProperty_Found()" classname="apap.ti._5.accommodation_2306275651_be.restservice.RoomTypeServiceTest" time="0.001"/>
  <testcase name="testDeleteRoomType_Success()" classname="apap.ti._5.accommodation_2306275651_be.restservice.RoomTypeServiceTest" time="0.001"/>
  <testcase name="testIsDuplicateRoomTypeFloor_DifferentName_NoDuplicate()" classname="apap.ti._5.accommodation_2306275651_be.restservice.RoomTypeServiceTest" time="0.001"/>
  <testcase name="testUpdateRoomType_NotFound()" classname="apap.ti._5.accommodation_2306275651_be.restservice.RoomTypeServiceTest" time="0.001"/>
  <testcase name="testGetRoomTypeById_NotFound()" classname="apap.ti._5.accommodation_2306275651_be.restservice.RoomTypeServiceTest" time="0.001"/>
  <testcase name="testRoomTypeIDGeneration_ApartmentProperty()" classname="apap.ti._5.accommodation_2306275651_be.restservice.RoomTypeServiceTest" time="0.001"/>
  <testcase name="testConvertToResponseDTO_NullDescription()" classname="apap.ti._5.accommodation_2306275651_be.restservice.RoomTypeServiceTest" time="0.001"/>
  <testcase name="testIsDuplicateRoomTypeFloor_NullFloor_ReturnsFalse()" classname="apap.ti._5.accommodation_2306275651_be.restservice.RoomTypeServiceTest" time="0.001"/>
  <testcase name="testDeleteRoomType_NotFound()" classname="apap.ti._5.accommodation_2306275651_be.restservice.RoomTypeServiceTest" time="0.001"/>
  <testcase name="testGetAllRoomTypes_MultipleRoomTypes()" classname="apap.ti._5.accommodation_2306275651_be.restservice.RoomTypeServiceTest" time="0.001"/>
  <testcase name="testCreateRoomType_GeneratesCorrectID()" classname="apap.ti._5.accommodation_2306275651_be.restservice.RoomTypeServiceTest" time="0.001"/>
  <testcase name="testCreateRoomType_Success()" classname="apap.ti._5.accommodation_2306275651_be.restservice.RoomTypeServiceTest" time="0.001"/>
  <testcase name="testIsDuplicateRoomTypeFloor_HasDuplicate()" classname="apap.ti._5.accommodation_2306275651_be.restservice.RoomTypeServiceTest" time="0.001"/>
  <testcase name="testCreateRoomType_PropertyNotFound()" classname="apap.ti._5.accommodation_2306275651_be.restservice.RoomTypeServiceTest" time="0.001"/>
  <testcase name="testConvertToResponseDTO_AllFieldsPresent()" classname="apap.ti._5.accommodation_2306275651_be.restservice.RoomTypeServiceTest" time="0.001"/>
  <testcase name="testGetAllRoomTypes_Success()" classname="apap.ti._5.accommodation_2306275651_be.restservice.RoomTypeServiceTest" time="0.001"/>
  <testcase name="testIsDuplicateRoomTypeFloor_DifferentFloor_NoDuplicate()" classname="apap.ti._5.accommodation_2306275651_be.restservice.RoomTypeServiceTest" time="0.001"/>
  <system-out><![CDATA[]]></system-out>
  <system-err><![CDATA[]]></system-err>
</testsuite>
