<?xml version="1.0" encoding="UTF-8"?>
<testsuite name="apap.ti._5.accommodation_2306275651_be.restcontoller.RoomRestControllerTest" tests="20" skipped="0" failures="0" errors="0" timestamp="2025-11-07T03:49:47.724Z" hostname="Athallahs-Laptop.local" time="0.167">
  <properties/>
  <testcase name="testGetAllRooms_MultipleRooms()" classname="apap.ti._5.accommodation_2306275651_be.restcontoller.RoomRestControllerTest" time="0.025"/>
  <testcase name="testGetAvailableRooms_OnlyAvailableRooms()" classname="apap.ti._5.accommodation_2306275651_be.restcontoller.RoomRestControllerTest" time="0.005"/>
  <testcase name="testGetRoomsByRoomType_EmptyList()" classname="apap.ti._5.accommodation_2306275651_be.restcontoller.RoomRestControllerTest" time="0.005"/>
  <testcase name="testGetAllRooms_MixedAvailability()" classname="apap.ti._5.accommodation_2306275651_be.restcontoller.RoomRestControllerTest" time="0.004"/>
  <testcase name="testDeleteRoom_Success()" classname="apap.ti._5.accommodation_2306275651_be.restcontoller.RoomRestControllerTest" time="0.005"/>
  <testcase name="testGetAllRooms_EmptyList()" classname="apap.ti._5.accommodation_2306275651_be.restcontoller.RoomRestControllerTest" time="0.005"/>
  <testcase name="testGetRoom_Success()" classname="apap.ti._5.accommodation_2306275651_be.restcontoller.RoomRestControllerTest" time="0.005"/>
  <testcase name="testGetRoom_WithMaintenanceSchedule()" classname="apap.ti._5.accommodation_2306275651_be.restcontoller.RoomRestControllerTest" time="0.004"/>
  <testcase name="testUpdateRoom_Success()" classname="apap.ti._5.accommodation_2306275651_be.restcontoller.RoomRestControllerTest" time="0.012"/>
  <testcase name="testGetRoomsByRoomType_MultipleRooms()" classname="apap.ti._5.accommodation_2306275651_be.restcontoller.RoomRestControllerTest" time="0.005"/>
  <testcase name="testCreateRoom_ValidationError()" classname="apap.ti._5.accommodation_2306275651_be.restcontoller.RoomRestControllerTest" time="0.027"/>
  <testcase name="testGetRoom_DifferentFloors()" classname="apap.ti._5.accommodation_2306275651_be.restcontoller.RoomRestControllerTest" time="0.004"/>
  <testcase name="testGetAvailableRooms_EmptyList()" classname="apap.ti._5.accommodation_2306275651_be.restcontoller.RoomRestControllerTest" time="0.005"/>
  <testcase name="testGetAllRooms_Success()" classname="apap.ti._5.accommodation_2306275651_be.restcontoller.RoomRestControllerTest" time="0.004"/>
  <testcase name="testUpdateRoom_ClearMaintenanceSchedule()" classname="apap.ti._5.accommodation_2306275651_be.restcontoller.RoomRestControllerTest" time="0.006"/>
  <testcase name="testUpdateRoom_PartialUpdate()" classname="apap.ti._5.accommodation_2306275651_be.restcontoller.RoomRestControllerTest" time="0.005"/>
  <testcase name="testGetAvailableRooms_Success()" classname="apap.ti._5.accommodation_2306275651_be.restcontoller.RoomRestControllerTest" time="0.006"/>
  <testcase name="testUpdateRoom_SetMaintenanceSchedule()" classname="apap.ti._5.accommodation_2306275651_be.restcontoller.RoomRestControllerTest" time="0.006"/>
  <testcase name="testGetRoomsByRoomType_DifferentRoomTypes()" classname="apap.ti._5.accommodation_2306275651_be.restcontoller.RoomRestControllerTest" time="0.006"/>
  <testcase name="testGetRoomsByRoomType_Success()" classname="apap.ti._5.accommodation_2306275651_be.restcontoller.RoomRestControllerTest" time="0.006"/>
  <system-out><![CDATA[2025-11-07T10:49:47.216+07:00  INFO 82181 --- [accommodation-2306275651-be] [    Test worker] t.c.s.AnnotationConfigContextLoaderUtils : Could not detect default configuration classes for test class [apap.ti._5.accommodation_2306275651_be.restcontoller.RoomRestControllerTest]: RoomRestControllerTest does not declare any static, non-private, non-final, nested classes annotated with @Configuration.
2025-11-07T10:49:47.239+07:00  INFO 82181 --- [accommodation-2306275651-be] [    Test worker] .b.t.c.SpringBootTestContextBootstrapper : Found @SpringBootConfiguration apap.ti._5.accommodation_2306275651_be.Accommodation2306275651BeApplication for test class apap.ti._5.accommodation_2306275651_be.restcontoller.RoomRestControllerTest

  .   ____          _            __ _ _
 /\\ / ___'_ __ _ _(_)_ __  __ _ \ \ \ \
( ( )\___ | '_ | '_| | '_ \/ _` | \ \ \ \
 \\/  ___)| |_)| | | | | || (_| |  ) ) ) )
  '  |____| .__|_| |_|_| |_\__, | / / / /
 =========|_|==============|___/=/_/_/_/

 :: Spring Boot ::                (v3.5.6)

2025-11-07T10:49:47.302+07:00  INFO 82181 --- [accommodation-2306275651-be] [    Test worker] a.t._.a.r.RoomRestControllerTest         : Starting RoomRestControllerTest using Java 21.0.8 with PID 82181 (started by athallah in /Users/athallah/Documents/SEM 5/APAP/accommodation-ti/accommodation-2306275651-be)
2025-11-07T10:49:47.302+07:00  INFO 82181 --- [accommodation-2306275651-be] [    Test worker] a.t._.a.r.RoomRestControllerTest         : The following 1 profile is active: "dev"
2025-11-07T10:49:47.714+07:00  INFO 82181 --- [accommodation-2306275651-be] [    Test worker] o.s.b.t.m.w.SpringBootMockServletContext : Initializing Spring TestDispatcherServlet ''
2025-11-07T10:49:47.714+07:00  INFO 82181 --- [accommodation-2306275651-be] [    Test worker] o.s.t.web.servlet.TestDispatcherServlet  : Initializing Servlet ''
2025-11-07T10:49:47.715+07:00  INFO 82181 --- [accommodation-2306275651-be] [    Test worker] o.s.t.web.servlet.TestDispatcherServlet  : Completed initialization in 1 ms
2025-11-07T10:49:47.722+07:00  INFO 82181 --- [accommodation-2306275651-be] [    Test worker] a.t._.a.r.RoomRestControllerTest         : Started RoomRestControllerTest in 0.479 seconds (process running for 14.188)
2025-11-07T10:49:47.831+07:00  WARN 82181 --- [accommodation-2306275651-be] [    Test worker] .w.s.m.s.DefaultHandlerExceptionResolver : Resolved [org.springframework.web.bind.MethodArgumentNotValidException: Validation failed for argument [0] in public org.springframework.http.ResponseEntity<apap.ti._5.accommodation_2306275651_be.restdto.response.BaseResponseDTO<apap.ti._5.accommodation_2306275651_be.restdto.response.room.RoomResponseDTO>> apap.ti._5.accommodation_2306275651_be.restcontroller.RoomRestController.createRoom(apap.ti._5.accommodation_2306275651_be.restdto.request.room.CreateRoomRequestDTO) with 7 errors: [Field error in object 'createRoomRequestDTO' on field 'floor': rejected value [null]; codes [NotNull.createRoomRequestDTO.floor,NotNull.floor,NotNull.java.lang.Integer,NotNull]; arguments [org.springframework.context.support.DefaultMessageSourceResolvable: codes [createRoomRequestDTO.floor,floor]; arguments []; default message [floor]]; default message [Floor is required]] [Field error in object 'createRoomRequestDTO' on field 'facility': rejected value [null]; codes [NotBlank.createRoomRequestDTO.facility,NotBlank.facility,NotBlank.java.lang.String,NotBlank]; arguments [org.springframework.context.support.DefaultMessageSourceResolvable: codes [createRoomRequestDTO.facility,facility]; arguments []; default message [facility]]; default message [Facility is required]] [Field error in object 'createRoomRequestDTO' on field 'roomTypeName': rejected value [null]; codes [NotBlank.createRoomRequestDTO.roomTypeName,NotBlank.roomTypeName,NotBlank.java.lang.String,NotBlank]; arguments [org.springframework.context.support.DefaultMessageSourceResolvable: codes [createRoomRequestDTO.roomTypeName,roomTypeName]; arguments []; default message [roomTypeName]]; default message [Room type name is required]] [Field error in object 'createRoomRequestDTO' on field 'roomTypeDescription': rejected value [null]; codes [NotBlank.createRoomRequestDTO.roomTypeDescription,NotBlank.roomTypeDescription,NotBlank.java.lang.String,NotBlank]; arguments [org.springframework.context.support.DefaultMessageSourceResolvable: codes [createRoomRequestDTO.roomTypeDescription,roomTypeDescription]; arguments []; default message [roomTypeDescription]]; default message [Room type description is required]] [Field error in object 'createRoomRequestDTO' on field 'capacity': rejected value [null]; codes [NotNull.createRoomRequestDTO.capacity,NotNull.capacity,NotNull.java.lang.Integer,NotNull]; arguments [org.springframework.context.support.DefaultMessageSourceResolvable: codes [createRoomRequestDTO.capacity,capacity]; arguments []; default message [capacity]]; default message [Capacity is required]] [Field error in object 'createRoomRequestDTO' on field 'price': rejected value [null]; codes [NotNull.createRoomRequestDTO.price,NotNull.price,NotNull.java.lang.Integer,NotNull]; arguments [org.springframework.context.support.DefaultMessageSourceResolvable: codes [createRoomRequestDTO.price,price]; arguments []; default message [price]]; default message [Price is required]] [Field error in object 'createRoomRequestDTO' on field 'unit': rejected value [null]; codes [NotNull.createRoomRequestDTO.unit,NotNull.unit,NotNull.java.lang.Integer,NotNull]; arguments [org.springframework.context.support.DefaultMessageSourceResolvable: codes [createRoomRequestDTO.unit,unit]; arguments []; default message [unit]]; default message [Unit count is required]] ]
]]></system-out>
  <system-err><![CDATA[]]></system-err>
</testsuite>
