<?xml version="1.0" encoding="UTF-8"?>
<testsuite name="apap.ti._5.accommodation_2306275651_be.restcontoller.PropertyRestControllerTest" tests="48" skipped="0" failures="0" errors="0" timestamp="2025-11-07T18:20:18.864Z" hostname="Athallahs-Laptop.local" time="0.53">
  <properties/>
  <testcase name="testCreateProperty_NoRoomTypes()" classname="apap.ti._5.accommodation_2306275651_be.restcontoller.PropertyRestControllerTest" time="0.075"/>
  <testcase name="testCreateProperty_Exception()" classname="apap.ti._5.accommodation_2306275651_be.restcontoller.PropertyRestControllerTest" time="0.048"/>
  <testcase name="testGetUpdatePropertyForm_NotFound()" classname="apap.ti._5.accommodation_2306275651_be.restcontoller.PropertyRestControllerTest" time="0.007"/>
  <testcase name="testCreateProperty_ValidationError()" classname="apap.ti._5.accommodation_2306275651_be.restcontoller.PropertyRestControllerTest" time="0.011"/>
  <testcase name="testDeleteProperty_GenericException()" classname="apap.ti._5.accommodation_2306275651_be.restcontoller.PropertyRestControllerTest" time="0.007"/>
  <testcase name="testGetAllProperties_Exception()" classname="apap.ti._5.accommodation_2306275651_be.restcontoller.PropertyRestControllerTest" time="0.006"/>
  <testcase name="testGetAddRoomTypeForm_NotFound()" classname="apap.ti._5.accommodation_2306275651_be.restcontoller.PropertyRestControllerTest" time="0.007"/>
  <testcase name="testAddMaintenanceSchedule_HasBookingConflict()" classname="apap.ti._5.accommodation_2306275651_be.restcontoller.PropertyRestControllerTest" time="0.012"/>
  <testcase name="testAddRoomTypeWithRooms_NoRoomTypes()" classname="apap.ti._5.accommodation_2306275651_be.restcontoller.PropertyRestControllerTest" time="0.019"/>
  <testcase name="testDeleteProperty_Success()" classname="apap.ti._5.accommodation_2306275651_be.restcontoller.PropertyRestControllerTest" time="0.009"/>
  <testcase name="testDeleteProperty_HasActiveBookings()" classname="apap.ti._5.accommodation_2306275651_be.restcontoller.PropertyRestControllerTest" time="0.005"/>
  <testcase name="testUpdateProperty_Success()" classname="apap.ti._5.accommodation_2306275651_be.restcontoller.PropertyRestControllerTest" time="0.016"/>
  <testcase name="testAddMaintenanceSchedule_UpdateExisting()" classname="apap.ti._5.accommodation_2306275651_be.restcontoller.PropertyRestControllerTest" time="0.011"/>
  <testcase name="testGetUpdatePropertyForm_Exception()" classname="apap.ti._5.accommodation_2306275651_be.restcontoller.PropertyRestControllerTest" time="0.005"/>
  <testcase name="testAddMaintenanceSchedule_Success()" classname="apap.ti._5.accommodation_2306275651_be.restcontoller.PropertyRestControllerTest" time="0.007"/>
  <testcase name="testAddMaintenanceSchedule_InvalidDates()" classname="apap.ti._5.accommodation_2306275651_be.restcontoller.PropertyRestControllerTest" time="0.005"/>
  <testcase name="testGetAllProperties_EmptyResult()" classname="apap.ti._5.accommodation_2306275651_be.restcontoller.PropertyRestControllerTest" time="0.005"/>
  <testcase name="testDeleteProperty_NotFound()" classname="apap.ti._5.accommodation_2306275651_be.restcontoller.PropertyRestControllerTest" time="0.005"/>
  <testcase name="testGetProperty_Exception()" classname="apap.ti._5.accommodation_2306275651_be.restcontoller.PropertyRestControllerTest" time="0.005"/>
  <testcase name="testGetProperty_WithDateParams()" classname="apap.ti._5.accommodation_2306275651_be.restcontoller.PropertyRestControllerTest" time="0.005"/>
  <testcase name="testGetPropertiesByOwner_Success()" classname="apap.ti._5.accommodation_2306275651_be.restcontoller.PropertyRestControllerTest" time="0.007"/>
  <testcase name="testGetProperty_Success()" classname="apap.ti._5.accommodation_2306275651_be.restcontoller.PropertyRestControllerTest" time="0.005"/>
  <testcase name="testCreateProperty_ServiceReturnsNull()" classname="apap.ti._5.accommodation_2306275651_be.restcontoller.PropertyRestControllerTest" time="0.011"/>
  <testcase name="testAddRoomTypeWithRooms_DuplicateInRequest()" classname="apap.ti._5.accommodation_2306275651_be.restcontoller.PropertyRestControllerTest" time="0.02"/>
  <testcase name="testAddRoomTypeWithRooms_InactiveProperty()" classname="apap.ti._5.accommodation_2306275651_be.restcontoller.PropertyRestControllerTest" time="0.007"/>
  <testcase name="testAddMaintenanceSchedule_RoomNotFound()" classname="apap.ti._5.accommodation_2306275651_be.restcontoller.PropertyRestControllerTest" time="0.005"/>
  <testcase name="testAddMaintenanceSchedule_SameDayInvalidTime()" classname="apap.ti._5.accommodation_2306275651_be.restcontoller.PropertyRestControllerTest" time="0.005"/>
  <testcase name="testGetAllProperties_Success()" classname="apap.ti._5.accommodation_2306275651_be.restcontoller.PropertyRestControllerTest" time="0.005"/>
  <testcase name="testCreateProperty_ValidApartmentRoomTypes()" classname="apap.ti._5.accommodation_2306275651_be.restcontoller.PropertyRestControllerTest" time="0.008"/>
  <testcase name="testAddRoomTypeWithRooms_PropertyNotFound()" classname="apap.ti._5.accommodation_2306275651_be.restcontoller.PropertyRestControllerTest" time="0.005"/>
  <testcase name="testCreateProperty_InvalidRoomTypeName()" classname="apap.ti._5.accommodation_2306275651_be.restcontoller.PropertyRestControllerTest" time="0.008"/>
  <testcase name="testCreateProperty_InvalidRoomTypeUnit()" classname="apap.ti._5.accommodation_2306275651_be.restcontoller.PropertyRestControllerTest" time="0.008"/>
  <testcase name="testUpdateProperty_Exception()" classname="apap.ti._5.accommodation_2306275651_be.restcontoller.PropertyRestControllerTest" time="0.006"/>
  <testcase name="testCreateProperty_Success()" classname="apap.ti._5.accommodation_2306275651_be.restcontoller.PropertyRestControllerTest" time="0.007"/>
  <testcase name="testGetAddRoomTypeForm_InactiveProperty()" classname="apap.ti._5.accommodation_2306275651_be.restcontoller.PropertyRestControllerTest" time="0.004"/>
  <testcase name="testAddRoomTypeWithRooms_Success()" classname="apap.ti._5.accommodation_2306275651_be.restcontoller.PropertyRestControllerTest" time="0.012"/>
  <testcase name="testAddMaintenanceSchedule_RuntimeException()" classname="apap.ti._5.accommodation_2306275651_be.restcontoller.PropertyRestControllerTest" time="0.007"/>
  <testcase name="testGetProperty_NotFound()" classname="apap.ti._5.accommodation_2306275651_be.restcontoller.PropertyRestControllerTest" time="0.005"/>
  <testcase name="testGetAddRoomTypeForm_Success()" classname="apap.ti._5.accommodation_2306275651_be.restcontoller.PropertyRestControllerTest" time="0.004"/>
  <testcase name="testAddRoomTypeWithRooms_InvalidUnitCount()" classname="apap.ti._5.accommodation_2306275651_be.restcontoller.PropertyRestControllerTest" time="0.006"/>
  <testcase name="testAddMaintenanceSchedule_MissingDates()" classname="apap.ti._5.accommodation_2306275651_be.restcontoller.PropertyRestControllerTest" time="0.006"/>
  <testcase name="testAddRoomTypeWithRooms_DuplicateWithExisting()" classname="apap.ti._5.accommodation_2306275651_be.restcontoller.PropertyRestControllerTest" time="0.008"/>
  <testcase name="testAddRoomTypeWithRooms_ValidationError()" classname="apap.ti._5.accommodation_2306275651_be.restcontoller.PropertyRestControllerTest" time="0.008"/>
  <testcase name="testGetUpdatePropertyForm_Success()" classname="apap.ti._5.accommodation_2306275651_be.restcontoller.PropertyRestControllerTest" time="0.006"/>
  <testcase name="testCreateProperty_ValidVillaRoomTypes()" classname="apap.ti._5.accommodation_2306275651_be.restcontoller.PropertyRestControllerTest" time="0.009"/>
  <testcase name="testGetAllProperties_WithFilters()" classname="apap.ti._5.accommodation_2306275651_be.restcontoller.PropertyRestControllerTest" time="0.007"/>
  <testcase name="testAddRoomTypeWithRooms_InvalidRoomTypeName()" classname="apap.ti._5.accommodation_2306275651_be.restcontoller.PropertyRestControllerTest" time="0.009"/>
  <testcase name="testUpdateProperty_NotFound()" classname="apap.ti._5.accommodation_2306275651_be.restcontoller.PropertyRestControllerTest" time="0.008"/>
  <system-out><![CDATA[2025-11-08T01:20:18.394+07:00  INFO 97855 --- [accommodation-2306275651-be] [    Test worker] t.c.s.AnnotationConfigContextLoaderUtils : Could not detect default configuration classes for test class [apap.ti._5.accommodation_2306275651_be.restcontoller.PropertyRestControllerTest]: PropertyRestControllerTest does not declare any static, non-private, non-final, nested classes annotated with @Configuration.
2025-11-08T01:20:18.407+07:00  INFO 97855 --- [accommodation-2306275651-be] [    Test worker] .b.t.c.SpringBootTestContextBootstrapper : Found @SpringBootConfiguration apap.ti._5.accommodation_2306275651_be.Accommodation2306275651BeApplication for test class apap.ti._5.accommodation_2306275651_be.restcontoller.PropertyRestControllerTest

  .   ____          _            __ _ _
 /\\ / ___'_ __ _ _(_)_ __  __ _ \ \ \ \
( ( )\___ | '_ | '_| | '_ \/ _` | \ \ \ \
 \\/  ___)| |_)| | | | | || (_| |  ) ) ) )
  '  |____| .__|_| |_|_| |_\__, | / / / /
 =========|_|==============|___/=/_/_/_/

 :: Spring Boot ::                (v3.5.6)

2025-11-08T01:20:18.449+07:00  INFO 97855 --- [accommodation-2306275651-be] [    Test worker] a.t._.a.r.PropertyRestControllerTest     : Starting PropertyRestControllerTest using Java 21.0.8 with PID 97855 (started by athallah in /Users/athallah/Documents/SEM 5/APAP/accommodation-ti/accommodation-2306275651-be)
2025-11-08T01:20:18.449+07:00  INFO 97855 --- [accommodation-2306275651-be] [    Test worker] a.t._.a.r.PropertyRestControllerTest     : The following 1 profile is active: "dev"
2025-11-08T01:20:18.847+07:00  INFO 97855 --- [accommodation-2306275651-be] [    Test worker] o.s.b.t.m.w.SpringBootMockServletContext : Initializing Spring TestDispatcherServlet ''
2025-11-08T01:20:18.848+07:00  INFO 97855 --- [accommodation-2306275651-be] [    Test worker] o.s.t.web.servlet.TestDispatcherServlet  : Initializing Servlet ''
2025-11-08T01:20:18.848+07:00  INFO 97855 --- [accommodation-2306275651-be] [    Test worker] o.s.t.web.servlet.TestDispatcherServlet  : Completed initialization in 0 ms
2025-11-08T01:20:18.861+07:00  INFO 97855 --- [accommodation-2306275651-be] [    Test worker] a.t._.a.r.PropertyRestControllerTest     : Started PropertyRestControllerTest in 0.45 seconds (process running for 11.705)
]]></system-out>
  <system-err><![CDATA[]]></system-err>
</testsuite>
