<?xml version="1.0" encoding="UTF-8"?>
<testsuite name="apap.ti._5.accommodation_2306275651_be.restcontoller.BookingRestControllerTest" tests="54" skipped="0" failures="0" errors="0" timestamp="2025-11-07T18:20:16.552Z" hostname="Athallahs-Laptop.local" time="1.835">
  <properties/>
  <testcase name="testGetBooking_Exception()" classname="apap.ti._5.accommodation_2306275651_be.restcontoller.BookingRestControllerTest" time="1.158"/>
  <testcase name="testCreateBooking_Exception()" classname="apap.ti._5.accommodation_2306275651_be.restcontoller.BookingRestControllerTest" time="0.223"/>
  <testcase name="testProcessRefund_InvalidStatus()" classname="apap.ti._5.accommodation_2306275651_be.restcontoller.BookingRestControllerTest" time="0.011"/>
  <testcase name="testGetCreateBookingFormWithRoom_Unavailable()" classname="apap.ti._5.accommodation_2306275651_be.restcontoller.BookingRestControllerTest" time="0.009"/>
  <testcase name="testCreateBooking_ValidationError()" classname="apap.ti._5.accommodation_2306275651_be.restcontoller.BookingRestControllerTest" time="0.026"/>
  <testcase name="testGetBookingChart_Exception()" classname="apap.ti._5.accommodation_2306275651_be.restcontoller.BookingRestControllerTest" time="0.015"/>
  <testcase name="testGetBookingChart_InvalidYear()" classname="apap.ti._5.accommodation_2306275651_be.restcontoller.BookingRestControllerTest" time="0.006"/>
  <testcase name="testGetBooking_Success()" classname="apap.ti._5.accommodation_2306275651_be.restcontoller.BookingRestControllerTest" time="0.011"/>
  <testcase name="testProcessRefund_BookingNotFound()" classname="apap.ti._5.accommodation_2306275651_be.restcontoller.BookingRestControllerTest" time="0.007"/>
  <testcase name="testUpdateBookingStatus_Success()" classname="apap.ti._5.accommodation_2306275651_be.restcontoller.BookingRestControllerTest" time="0.014"/>
  <testcase name="testPayBooking_Success()" classname="apap.ti._5.accommodation_2306275651_be.restcontoller.BookingRestControllerTest" time="0.008"/>
  <testcase name="testProcessRefund_Exception()" classname="apap.ti._5.accommodation_2306275651_be.restcontoller.BookingRestControllerTest" time="0.007"/>
  <testcase name="testGetUpdateBookingForm_HasExtraPay()" classname="apap.ti._5.accommodation_2306275651_be.restcontoller.BookingRestControllerTest" time="0.006"/>
  <testcase name="testGetAllBookings_Exception()" classname="apap.ti._5.accommodation_2306275651_be.restcontoller.BookingRestControllerTest" time="0.006"/>
  <testcase name="testGetUpdateBookingForm_Success()" classname="apap.ti._5.accommodation_2306275651_be.restcontoller.BookingRestControllerTest" time="0.005"/>
  <testcase name="testGetUpdateBookingForm_Exception()" classname="apap.ti._5.accommodation_2306275651_be.restcontoller.BookingRestControllerTest" time="0.006"/>
  <testcase name="testGetBookingChart_Success()" classname="apap.ti._5.accommodation_2306275651_be.restcontoller.BookingRestControllerTest" time="0.022"/>
  <testcase name="testGetUpdateBookingForm_NotFound()" classname="apap.ti._5.accommodation_2306275651_be.restcontoller.BookingRestControllerTest" time="0.005"/>
  <testcase name="testDeleteBooking_Exception()" classname="apap.ti._5.accommodation_2306275651_be.restcontoller.BookingRestControllerTest" time="0.007"/>
  <testcase name="testCancelBooking_Success()" classname="apap.ti._5.accommodation_2306275651_be.restcontoller.BookingRestControllerTest" time="0.009"/>
  <testcase name="testGetCreateBookingFormWithRoom_Success()" classname="apap.ti._5.accommodation_2306275651_be.restcontoller.BookingRestControllerTest" time="0.009"/>
  <testcase name="testProcessRefund_MissingBookingID()" classname="apap.ti._5.accommodation_2306275651_be.restcontoller.BookingRestControllerTest" time="0.005"/>
  <testcase name="testCreateBooking_ExceedsCapacity()" classname="apap.ti._5.accommodation_2306275651_be.restcontoller.BookingRestControllerTest" time="0.008"/>
  <testcase name="testGetAllBookings_WithSearchFilter()" classname="apap.ti._5.accommodation_2306275651_be.restcontoller.BookingRestControllerTest" time="0.006"/>
  <testcase name="testGetBooking_NotFound()" classname="apap.ti._5.accommodation_2306275651_be.restcontoller.BookingRestControllerTest" time="0.005"/>
  <testcase name="testGetCreateBookingFormWithRoom_WithDates_HasConflict()" classname="apap.ti._5.accommodation_2306275651_be.restcontoller.BookingRestControllerTest" time="0.005"/>
  <testcase name="testGetBookingChart_InvalidMonth()" classname="apap.ti._5.accommodation_2306275651_be.restcontoller.BookingRestControllerTest" time="0.004"/>
  <testcase name="testDeleteBooking_Success()" classname="apap.ti._5.accommodation_2306275651_be.restcontoller.BookingRestControllerTest" time="0.006"/>
  <testcase name="testGetBookingChart_AllTime()" classname="apap.ti._5.accommodation_2306275651_be.restcontoller.BookingRestControllerTest" time="0.005"/>
  <testcase name="testCreateBooking_Success()" classname="apap.ti._5.accommodation_2306275651_be.restcontoller.BookingRestControllerTest" time="0.008"/>
  <testcase name="testCreateBooking_BookingConflict()" classname="apap.ti._5.accommodation_2306275651_be.restcontoller.BookingRestControllerTest" time="0.008"/>
  <testcase name="testGetCreateBookingFormWithRoom_Exception()" classname="apap.ti._5.accommodation_2306275651_be.restcontoller.BookingRestControllerTest" time="0.005"/>
  <testcase name="testUpdateBooking_InvalidDates()" classname="apap.ti._5.accommodation_2306275651_be.restcontoller.BookingRestControllerTest" time="0.015"/>
  <testcase name="testCancelBooking_Exception()" classname="apap.ti._5.accommodation_2306275651_be.restcontoller.BookingRestControllerTest" time="0.007"/>
  <testcase name="testGetBookingsByCustomer_Success()" classname="apap.ti._5.accommodation_2306275651_be.restcontoller.BookingRestControllerTest" time="0.005"/>
  <testcase name="testUpdateBooking_HasRefund()" classname="apap.ti._5.accommodation_2306275651_be.restcontoller.BookingRestControllerTest" time="0.007"/>
  <testcase name="testGetCreateBookingFormWithRoom_WithDates_NoConflict()" classname="apap.ti._5.accommodation_2306275651_be.restcontoller.BookingRestControllerTest" time="0.006"/>
  <testcase name="testPayBooking_Exception()" classname="apap.ti._5.accommodation_2306275651_be.restcontoller.BookingRestControllerTest" time="0.007"/>
  <testcase name="testGetBookingsByStatus_Exception()" classname="apap.ti._5.accommodation_2306275651_be.restcontoller.BookingRestControllerTest" time="0.006"/>
  <testcase name="testUpdateBookingStatus_Exception()" classname="apap.ti._5.accommodation_2306275651_be.restcontoller.BookingRestControllerTest" time="0.006"/>
  <testcase name="testGetCreateBookingFormWithRoom_NotFound()" classname="apap.ti._5.accommodation_2306275651_be.restcontoller.BookingRestControllerTest" time="0.004"/>
  <testcase name="testGetBookingsByCustomer_Exception()" classname="apap.ti._5.accommodation_2306275651_be.restcontoller.BookingRestControllerTest" time="0.006"/>
  <testcase name="testProcessRefund_Success()" classname="apap.ti._5.accommodation_2306275651_be.restcontoller.BookingRestControllerTest" time="0.006"/>
  <testcase name="testCreateBooking_MaintenanceConflict()" classname="apap.ti._5.accommodation_2306275651_be.restcontoller.BookingRestControllerTest" time="0.007"/>
  <testcase name="testCreateBooking_RoomNotFound()" classname="apap.ti._5.accommodation_2306275651_be.restcontoller.BookingRestControllerTest" time="0.006"/>
  <testcase name="testUpdateBooking_HasExtraPay()" classname="apap.ti._5.accommodation_2306275651_be.restcontoller.BookingRestControllerTest" time="0.006"/>
  <testcase name="testUpdateBookingStatus_NotFound()" classname="apap.ti._5.accommodation_2306275651_be.restcontoller.BookingRestControllerTest" time="0.006"/>
  <testcase name="testUpdateBooking_ValidationError()" classname="apap.ti._5.accommodation_2306275651_be.restcontoller.BookingRestControllerTest" time="0.008"/>
  <testcase name="testGetBookingsByStatus_Success()" classname="apap.ti._5.accommodation_2306275651_be.restcontoller.BookingRestControllerTest" time="0.005"/>
  <testcase name="testUpdateBooking_BookingNotFound()" classname="apap.ti._5.accommodation_2306275651_be.restcontoller.BookingRestControllerTest" time="0.007"/>
  <testcase name="testGetAllBookings_WithStatusFilter()" classname="apap.ti._5.accommodation_2306275651_be.restcontoller.BookingRestControllerTest" time="0.006"/>
  <testcase name="testUpdateBooking_RoomNotFound()" classname="apap.ti._5.accommodation_2306275651_be.restcontoller.BookingRestControllerTest" time="0.007"/>
  <testcase name="testGetUpdateBookingForm_HasRefund()" classname="apap.ti._5.accommodation_2306275651_be.restcontoller.BookingRestControllerTest" time="0.004"/>
  <testcase name="testGetAllBookings_Success()" classname="apap.ti._5.accommodation_2306275651_be.restcontoller.BookingRestControllerTest" time="0.005"/>
  <system-out><![CDATA[2025-11-08T01:20:15.732+07:00  INFO 97855 --- [accommodation-2306275651-be] [    Test worker] t.c.s.AnnotationConfigContextLoaderUtils : Could not detect default configuration classes for test class [apap.ti._5.accommodation_2306275651_be.restcontoller.BookingRestControllerTest]: BookingRestControllerTest does not declare any static, non-private, non-final, nested classes annotated with @Configuration.
2025-11-08T01:20:15.754+07:00  INFO 97855 --- [accommodation-2306275651-be] [    Test worker] .b.t.c.SpringBootTestContextBootstrapper : Found @SpringBootConfiguration apap.ti._5.accommodation_2306275651_be.Accommodation2306275651BeApplication for test class apap.ti._5.accommodation_2306275651_be.restcontoller.BookingRestControllerTest

  .   ____          _            __ _ _
 /\\ / ___'_ __ _ _(_)_ __  __ _ \ \ \ \
( ( )\___ | '_ | '_| | '_ \/ _` | \ \ \ \
 \\/  ___)| |_)| | | | | || (_| |  ) ) ) )
  '  |____| .__|_| |_|_| |_\__, | / / / /
 =========|_|==============|___/=/_/_/_/

 :: Spring Boot ::                (v3.5.6)

2025-11-08T01:20:15.786+07:00  INFO 97855 --- [accommodation-2306275651-be] [    Test worker] a.t._.a.r.BookingRestControllerTest      : Starting BookingRestControllerTest using Java 21.0.8 with PID 97855 (started by athallah in /Users/athallah/Documents/SEM 5/APAP/accommodation-ti/accommodation-2306275651-be)
2025-11-08T01:20:15.786+07:00  INFO 97855 --- [accommodation-2306275651-be] [    Test worker] a.t._.a.r.BookingRestControllerTest      : The following 1 profile is active: "dev"
2025-11-08T01:20:16.503+07:00  INFO 97855 --- [accommodation-2306275651-be] [    Test worker] o.s.b.t.m.w.SpringBootMockServletContext : Initializing Spring TestDispatcherServlet ''
2025-11-08T01:20:16.503+07:00  INFO 97855 --- [accommodation-2306275651-be] [    Test worker] o.s.t.web.servlet.TestDispatcherServlet  : Initializing Servlet ''
2025-11-08T01:20:16.506+07:00  INFO 97855 --- [accommodation-2306275651-be] [    Test worker] o.s.t.web.servlet.TestDispatcherServlet  : Completed initialization in 1 ms
2025-11-08T01:20:16.545+07:00  INFO 97855 --- [accommodation-2306275651-be] [    Test worker] a.t._.a.r.BookingRestControllerTest      : Started BookingRestControllerTest in 0.788 seconds (process running for 9.389)
]]>&#x1f50d;<![CDATA[ Checking maintenance conflict:
   Room: HOT-4000-001-201
   Booking: 2025-11-13T14:00 - 2025-11-14T12:00
   Maintenance: null - null
   ℹ️ No maintenance scheduled for this room
]]>&#x1f50d;<![CDATA[ Checking maintenance conflict:
   Room: HOT-4000-001-201
   Booking: 2025-11-13T14:00 - 2025-11-14T12:00
   Maintenance: null - null
   ℹ️ No maintenance scheduled for this room
]]>&#x1f50d;<![CDATA[ Checking maintenance conflict:
   Room: HOT-4000-001-201
   Booking: 2025-11-13T14:00 - 2025-11-14T12:00
   Maintenance: null - null
   ℹ️ No maintenance scheduled for this room
]]>&#x1f50d;<![CDATA[ Checking maintenance conflict:
   Room: HOT-4000-001-201
   Booking: 2025-11-13T14:00 - 2025-11-14T12:00
   Maintenance: 2025-11-13T00:00 - 2025-11-15T23:59
   Overlap check result: true
   ❌ CONFLICT DETECTED!
]]></system-out>
  <system-err><![CDATA[]]></system-err>
</testsuite>
