<?xml version="1.0" encoding="UTF-8"?>
<testsuite name="apap.ti._5.accommodation_2306275651_be.restcontoller.RoomTypeControllerTest" tests="21" skipped="0" failures="0" errors="0" timestamp="2025-11-07T18:20:20.270Z" hostname="Athallahs-Laptop.local" time="0.149">
  <properties/>
  <testcase name="testUpdateRoomType_InvalidPrice()" classname="apap.ti._5.accommodation_2306275651_be.restcontoller.RoomTypeControllerTest" time="0.014"/>
  <testcase name="testGetAllRoomTypes_EmptyList()" classname="apap.ti._5.accommodation_2306275651_be.restcontoller.RoomTypeControllerTest" time="0.007"/>
  <testcase name="testGetRoomTypesByProperty_MultipleRoomTypes()" classname="apap.ti._5.accommodation_2306275651_be.restcontoller.RoomTypeControllerTest" time="0.006"/>
  <testcase name="testDeleteRoomType_Success()" classname="apap.ti._5.accommodation_2306275651_be.restcontoller.RoomTypeControllerTest" time="0.008"/>
  <testcase name="testUpdateRoomType_Success()" classname="apap.ti._5.accommodation_2306275651_be.restcontoller.RoomTypeControllerTest" time="0.008"/>
  <testcase name="testGetRoomTypesByProperty_DifferentProperties()" classname="apap.ti._5.accommodation_2306275651_be.restcontoller.RoomTypeControllerTest" time="0.006"/>
  <testcase name="testGetRoomTypesByProperty_Success()" classname="apap.ti._5.accommodation_2306275651_be.restcontoller.RoomTypeControllerTest" time="0.006"/>
  <testcase name="testGetRoomType_Success()" classname="apap.ti._5.accommodation_2306275651_be.restcontoller.RoomTypeControllerTest" time="0.007"/>
  <testcase name="testUpdateRoomType_PartialUpdate()" classname="apap.ti._5.accommodation_2306275651_be.restcontoller.RoomTypeControllerTest" time="0.007"/>
  <testcase name="testCreateRoomType_InvalidCapacity()" classname="apap.ti._5.accommodation_2306275651_be.restcontoller.RoomTypeControllerTest" time="0.014"/>
  <testcase name="testCreateRoomType_NullDescription()" classname="apap.ti._5.accommodation_2306275651_be.restcontoller.RoomTypeControllerTest" time="0.007"/>
  <testcase name="testCreateRoomType_InvalidPrice()" classname="apap.ti._5.accommodation_2306275651_be.restcontoller.RoomTypeControllerTest" time="0.006"/>
  <testcase name="testGetAllRoomTypes_MultipleRoomTypes()" classname="apap.ti._5.accommodation_2306275651_be.restcontoller.RoomTypeControllerTest" time="0.004"/>
  <testcase name="testUpdateRoomType_ValidationError()" classname="apap.ti._5.accommodation_2306275651_be.restcontoller.RoomTypeControllerTest" time="0.004"/>
  <testcase name="testUpdateRoomType_UpdateAllFields()" classname="apap.ti._5.accommodation_2306275651_be.restcontoller.RoomTypeControllerTest" time="0.005"/>
  <testcase name="testCreateRoomType_DifferentFloors()" classname="apap.ti._5.accommodation_2306275651_be.restcontoller.RoomTypeControllerTest" time="0.004"/>
  <testcase name="testGetRoomType_WithAllFields()" classname="apap.ti._5.accommodation_2306275651_be.restcontoller.RoomTypeControllerTest" time="0.004"/>
  <testcase name="testCreateRoomType_ValidationError()" classname="apap.ti._5.accommodation_2306275651_be.restcontoller.RoomTypeControllerTest" time="0.004"/>
  <testcase name="testGetRoomTypesByProperty_EmptyList()" classname="apap.ti._5.accommodation_2306275651_be.restcontoller.RoomTypeControllerTest" time="0.003"/>
  <testcase name="testGetAllRoomTypes_Success()" classname="apap.ti._5.accommodation_2306275651_be.restcontoller.RoomTypeControllerTest" time="0.004"/>
  <testcase name="testGetAllRoomTypes_MixedFloors()" classname="apap.ti._5.accommodation_2306275651_be.restcontoller.RoomTypeControllerTest" time="0.004"/>
  <system-out><![CDATA[2025-11-08T01:20:19.914+07:00  INFO 97855 --- [accommodation-2306275651-be] [    Test worker] t.c.s.AnnotationConfigContextLoaderUtils : Could not detect default configuration classes for test class [apap.ti._5.accommodation_2306275651_be.restcontoller.RoomTypeControllerTest]: RoomTypeControllerTest does not declare any static, non-private, non-final, nested classes annotated with @Configuration.
2025-11-08T01:20:19.926+07:00  INFO 97855 --- [accommodation-2306275651-be] [    Test worker] .b.t.c.SpringBootTestContextBootstrapper : Found @SpringBootConfiguration apap.ti._5.accommodation_2306275651_be.Accommodation2306275651BeApplication for test class apap.ti._5.accommodation_2306275651_be.restcontoller.RoomTypeControllerTest

  .   ____          _            __ _ _
 /\\ / ___'_ __ _ _(_)_ __  __ _ \ \ \ \
( ( )\___ | '_ | '_| | '_ \/ _` | \ \ \ \
 \\/  ___)| |_)| | | | | || (_| |  ) ) ) )
  '  |____| .__|_| |_|_| |_\__, | / / / /
 =========|_|==============|___/=/_/_/_/

 :: Spring Boot ::                (v3.5.6)

2025-11-08T01:20:19.962+07:00  INFO 97855 --- [accommodation-2306275651-be] [    Test worker] a.t._.a.r.RoomTypeControllerTest         : Starting RoomTypeControllerTest using Java 21.0.8 with PID 97855 (started by athallah in /Users/athallah/Documents/SEM 5/APAP/accommodation-ti/accommodation-2306275651-be)
2025-11-08T01:20:19.962+07:00  INFO 97855 --- [accommodation-2306275651-be] [    Test worker] a.t._.a.r.RoomTypeControllerTest         : The following 1 profile is active: "dev"
2025-11-08T01:20:20.259+07:00  INFO 97855 --- [accommodation-2306275651-be] [    Test worker] o.s.b.t.m.w.SpringBootMockServletContext : Initializing Spring TestDispatcherServlet ''
2025-11-08T01:20:20.260+07:00  INFO 97855 --- [accommodation-2306275651-be] [    Test worker] o.s.t.web.servlet.TestDispatcherServlet  : Initializing Servlet ''
2025-11-08T01:20:20.260+07:00  INFO 97855 --- [accommodation-2306275651-be] [    Test worker] o.s.t.web.servlet.TestDispatcherServlet  : Completed initialization in 0 ms
2025-11-08T01:20:20.268+07:00  INFO 97855 --- [accommodation-2306275651-be] [    Test worker] a.t._.a.r.RoomTypeControllerTest         : Started RoomTypeControllerTest in 0.339 seconds (process running for 13.112)
2025-11-08T01:20:20.282+07:00  WARN 97855 --- [accommodation-2306275651-be] [    Test worker] .w.s.m.s.DefaultHandlerExceptionResolver : Resolved [org.springframework.web.bind.MethodArgumentNotValidException: Validation failed for argument [1] in public org.springframework.http.ResponseEntity<apap.ti._5.accommodation_2306275651_be.restdto.response.BaseResponseDTO<apap.ti._5.accommodation_2306275651_be.restdto.response.roomtype.RoomTypeResponseDTO>> apap.ti._5.accommodation_2306275651_be.restcontroller.RoomTypeRestController.updateRoomType(java.lang.String,apap.ti._5.accommodation_2306275651_be.restdto.request.roomtype.UpdateRoomTypeRequestDTO): [Field error in object 'updateRoomTypeRequestDTO' on field 'price': rejected value [-500000]; codes [Min.updateRoomTypeRequestDTO.price,Min.price,Min.java.lang.Integer,Min]; arguments [org.springframework.context.support.DefaultMessageSourceResolvable: codes [updateRoomTypeRequestDTO.price,price]; arguments []; default message [price],0]; default message [Price cannot be negative]] ]
2025-11-08T01:20:20.360+07:00  WARN 97855 --- [accommodation-2306275651-be] [    Test worker] .w.s.m.s.DefaultHandlerExceptionResolver : Resolved [org.springframework.web.bind.MethodArgumentNotValidException: Validation failed for argument [0] in public org.springframework.http.ResponseEntity<apap.ti._5.accommodation_2306275651_be.restdto.response.BaseResponseDTO<apap.ti._5.accommodation_2306275651_be.restdto.response.roomtype.RoomTypeResponseDTO>> apap.ti._5.accommodation_2306275651_be.restcontroller.RoomTypeRestController.createRoomType(apap.ti._5.accommodation_2306275651_be.restdto.request.roomtype.CreateRoomTypeRequestDTO): [Field error in object 'createRoomTypeRequestDTO' on field 'capacity': rejected value [0]; codes [Min.createRoomTypeRequestDTO.capacity,Min.capacity,Min.java.lang.Integer,Min]; arguments [org.springframework.context.support.DefaultMessageSourceResolvable: codes [createRoomTypeRequestDTO.capacity,capacity]; arguments []; default message [capacity],1]; default message [Capacity must be at least 1]] ]
2025-11-08T01:20:20.374+07:00  WARN 97855 --- [accommodation-2306275651-be] [    Test worker] .w.s.m.s.DefaultHandlerExceptionResolver : Resolved [org.springframework.web.bind.MethodArgumentNotValidException: Validation failed for argument [0] in public org.springframework.http.ResponseEntity<apap.ti._5.accommodation_2306275651_be.restdto.response.BaseResponseDTO<apap.ti._5.accommodation_2306275651_be.restdto.response.roomtype.RoomTypeResponseDTO>> apap.ti._5.accommodation_2306275651_be.restcontroller.RoomTypeRestController.createRoomType(apap.ti._5.accommodation_2306275651_be.restdto.request.roomtype.CreateRoomTypeRequestDTO): [Field error in object 'createRoomTypeRequestDTO' on field 'price': rejected value [-100]; codes [Min.createRoomTypeRequestDTO.price,Min.price,Min.java.lang.Integer,Min]; arguments [org.springframework.context.support.DefaultMessageSourceResolvable: codes [createRoomTypeRequestDTO.price,price]; arguments []; default message [price],0]; default message [Price cannot be negative]] ]
2025-11-08T01:20:20.384+07:00  WARN 97855 --- [accommodation-2306275651-be] [    Test worker] .w.s.m.s.DefaultHandlerExceptionResolver : Resolved [org.springframework.web.bind.MethodArgumentNotValidException: Validation failed for argument [1] in public org.springframework.http.ResponseEntity<apap.ti._5.accommodation_2306275651_be.restdto.response.BaseResponseDTO<apap.ti._5.accommodation_2306275651_be.restdto.response.roomtype.RoomTypeResponseDTO>> apap.ti._5.accommodation_2306275651_be.restcontroller.RoomTypeRestController.updateRoomType(java.lang.String,apap.ti._5.accommodation_2306275651_be.restdto.request.roomtype.UpdateRoomTypeRequestDTO): [Field error in object 'updateRoomTypeRequestDTO' on field 'roomTypeID': rejected value []; codes [NotBlank.updateRoomTypeRequestDTO.roomTypeID,NotBlank.roomTypeID,NotBlank.java.lang.String,NotBlank]; arguments [org.springframework.context.support.DefaultMessageSourceResolvable: codes [updateRoomTypeRequestDTO.roomTypeID,roomTypeID]; arguments []; default message [roomTypeID]]; default message [Room type ID is required]] ]
2025-11-08T01:20:20.405+07:00  WARN 97855 --- [accommodation-2306275651-be] [    Test worker] .w.s.m.s.DefaultHandlerExceptionResolver : Resolved [org.springframework.web.bind.MethodArgumentNotValidException: Validation failed for argument [0] in public org.springframework.http.ResponseEntity<apap.ti._5.accommodation_2306275651_be.restdto.response.BaseResponseDTO<apap.ti._5.accommodation_2306275651_be.restdto.response.roomtype.RoomTypeResponseDTO>> apap.ti._5.accommodation_2306275651_be.restcontroller.RoomTypeRestController.createRoomType(apap.ti._5.accommodation_2306275651_be.restdto.request.roomtype.CreateRoomTypeRequestDTO): [Field error in object 'createRoomTypeRequestDTO' on field 'propertyID': rejected value [null]; codes [NotBlank.createRoomTypeRequestDTO.propertyID,NotBlank.propertyID,NotBlank.java.lang.String,NotBlank]; arguments [org.springframework.context.support.DefaultMessageSourceResolvable: codes [createRoomTypeRequestDTO.propertyID,propertyID]; arguments []; default message [propertyID]]; default message [Property ID is required]] ]
]]></system-out>
  <system-err><![CDATA[]]></system-err>
</testsuite>
